<?xml version="1.0" encoding="utf-8"?><testsuites name="pytest tests"><testsuite name="pytest" errors="0" failures="0" skipped="0" tests="11" time="1.424" timestamp="2026-06-16T02:45:20.026170+00:00" hostname="agent-env-a12e0c29-2a28-4fe0-a622-9bd4ca636792"><testcase classname="backend.tests.test_contact_api.TestHealth" name="test_health_ok" time="0.259" /><testcase classname="backend.tests.test_contact_api.TestHealth" name="test_root" time="0.048" /><testcase classname="backend.tests.test_contact_api.TestContactSubmissions" name="test_quote_submission_persists" time="0.599" /><testcase classname="backend.tests.test_contact_api.TestContactSubmissions" name="test_contact_form_submission" time="0.044" /><testcase classname="backend.tests.test_contact_api.TestContactSubmissions" name="test_missing_full_name" time="0.045" /><testcase classname="backend.tests.test_contact_api.TestContactSubmissions" name="test_missing_email" time="0.043" /><testcase classname="backend.tests.test_contact_api.TestContactSubmissions" name="test_missing_message" time="0.044" /><testcase classname="backend.tests.test_contact_api.TestContactSubmissions" name="test_invalid_email" time="0.045" /><testcase classname="backend.tests.test_contact_api.TestContactSubmissions" name="test_short_message" time="0.048" /><testcase classname="backend.tests.test_contact_api.TestContactSubmissions" name="test_invalid_form_type" time="0.040" /><testcase classname="backend.tests.test_contact_api.TestListSubmissions" name="test_submissions_listed_desc" time="0.047" /></testsuite></testsuites>